Flow report for HUCB2P0_TOP
Thu Oct 29 15:54:34 2015
Quartus II 64-Bit Version 14.0.0 Build 200 06/17/2014 SJ Full Version


---------------------
; Table of Contents ;
---------------------
  1. Legal Notice
  2. Flow Summary
  3. Flow Settings
  4. Flow Non-Default Global Settings
  5. Flow Elapsed Time
  6. Flow OS Summary
  7. Flow Log
  8. Flow Messages
  9. Flow Suppressed Messages



----------------
; Legal Notice ;
----------------
Copyright (C) 1991-2014 Altera Corporation. All rights reserved.
Your use of Altera Corporation's design tools, logic functions 
and other software and tools, and its AMPP partner logic 
functions, and any output files from any of the foregoing 
(including device programming or simulation files), and any 
associated documentation or information are expressly subject 
to the terms and conditions of the Altera Program License 
Subscription Agreement, the Altera Quartus II License Agreement,
the Altera MegaCore Function License Agreement, or other 
applicable license agreement, including, without limitation, 
that your use is for the sole purpose of programming logic 
devices manufactured by Altera and sold by Altera or its 
authorized distributors.  Please refer to the applicable 
agreement for further details.



+-------------------------------------------------------------------------------+
; Flow Summary                                                                  ;
+---------------------------------+---------------------------------------------+
; Flow Status                     ; Successful - Thu Oct 29 15:40:30 2015       ;
; Quartus II 64-Bit Version       ; 14.0.0 Build 200 06/17/2014 SJ Full Version ;
; Revision Name                   ; HUCB2P0_TOP                                 ;
; Top-level Entity Name           ; HUCB2P0_TOP                                 ;
; Family                          ; Cyclone V                                   ;
; Device                          ; 5CGXFC7D7F31C8                              ;
; Timing Models                   ; Final                                       ;
; Logic utilization (in ALMs)     ; 2,056 / 56,480 ( 4 % )                      ;
; Total registers                 ; 4719                                        ;
; Total pins                      ; 355 / 522 ( 68 % )                          ;
; Total virtual pins              ; 0                                           ;
; Total block memory bits         ; 1,142,400 / 7,024,640 ( 16 % )              ;
; Total DSP Blocks                ; 0 / 156 ( 0 % )                             ;
; Total HSSI RX PCSs              ; 0 / 9 ( 0 % )                               ;
; Total HSSI PMA RX Deserializers ; 0 / 9 ( 0 % )                               ;
; Total HSSI TX PCSs              ; 0 / 9 ( 0 % )                               ;
; Total HSSI PMA TX Serializers   ; 0 / 9 ( 0 % )                               ;
; Total PLLs                      ; 2 / 16 ( 13 % )                             ;
; Total DLLs                      ; 0 / 4 ( 0 % )                               ;
+---------------------------------+---------------------------------------------+


+-----------------------------------------+
; Flow Settings                           ;
+-------------------+---------------------+
; Option            ; Setting             ;
+-------------------+---------------------+
; Start date & time ; 10/29/2015 15:21:58 ;
; Main task         ; Compilation         ;
; Revision Name     ; HUCB2P0_TOP         ;
+-------------------+---------------------+


+-------------------------------------------------------------------------------------------------------------------------------------------------------------------------------------------------------------------------------------------------------------------------------------------------------------------------------------------------------------------------------------------------+
; Flow Non-Default Global Settings                                                                                                                                                                                                                                                                                                                                                                ;
+-------------------------------------+------------------------------------------------------------------------------------------------------------------------------------------------------------------------------------------------------------------------------------------------------------------------------------------------------+---------------+-----------------+------------------+
; Assignment Name                     ; Value                                                                                                                                                                                                                                                                                                ; Default Value ; Entity Name     ; Section Id       ;
+-------------------------------------+------------------------------------------------------------------------------------------------------------------------------------------------------------------------------------------------------------------------------------------------------------------------------------------------------+---------------+-----------------+------------------+
; COMPILER_SIGNATURE_ID               ; 60364373843812.144610331606248                                                                                                                                                                                                                                                                       ; --            ; --              ; --               ;
; ENABLE_SIGNALTAP                    ; On                                                                                                                                                                                                                                                                                                   ; --            ; --              ; --               ;
; IP_COMPONENT_AUTHOR                 ; QWx0ZXJhIENvcnBvcmF0aW9u                                                                                                                                                                                                                                                                             ; --            ; adc_pll         ; --               ;
; IP_COMPONENT_AUTHOR                 ; QWx0ZXJhIENvcnBvcmF0aW9u                                                                                                                                                                                                                                                                             ; --            ; adc_pll_0002    ; --               ;
; IP_COMPONENT_AUTHOR                 ; QWx0ZXJhIENvcnBvcmF0aW9u                                                                                                                                                                                                                                                                             ; --            ; usb_121pll      ; --               ;
; IP_COMPONENT_AUTHOR                 ; QWx0ZXJhIENvcnBvcmF0aW9u                                                                                                                                                                                                                                                                             ; --            ; usb_121pll_0002 ; --               ;
; IP_COMPONENT_DESCRIPTION            ; QWx0ZXJhIFBoYXNlLUxvY2tlZCBMb29wIChBTFRFUkFfUExMKQ==                                                                                                                                                                                                                                                 ; --            ; adc_pll         ; --               ;
; IP_COMPONENT_DESCRIPTION            ; QWx0ZXJhIFBoYXNlLUxvY2tlZCBMb29wIChBTFRFUkFfUExMKQ==                                                                                                                                                                                                                                                 ; --            ; adc_pll_0002    ; --               ;
; IP_COMPONENT_DESCRIPTION            ; QWx0ZXJhIFBoYXNlLUxvY2tlZCBMb29wIChBTFRFUkFfUExMKQ==                                                                                                                                                                                                                                                 ; --            ; usb_121pll      ; --               ;
; IP_COMPONENT_DESCRIPTION            ; QWx0ZXJhIFBoYXNlLUxvY2tlZCBMb29wIChBTFRFUkFfUExMKQ==                                                                                                                                                                                                                                                 ; --            ; usb_121pll_0002 ; --               ;
; IP_COMPONENT_DISPLAY_NAME           ; QWx0ZXJhIFBMTA==                                                                                                                                                                                                                                                                                     ; --            ; adc_pll         ; --               ;
; IP_COMPONENT_DISPLAY_NAME           ; QWx0ZXJhIFBMTA==                                                                                                                                                                                                                                                                                     ; --            ; adc_pll_0002    ; --               ;
; IP_COMPONENT_DISPLAY_NAME           ; QWx0ZXJhIFBMTA==                                                                                                                                                                                                                                                                                     ; --            ; usb_121pll      ; --               ;
; IP_COMPONENT_DISPLAY_NAME           ; QWx0ZXJhIFBMTA==                                                                                                                                                                                                                                                                                     ; --            ; usb_121pll_0002 ; --               ;
; IP_COMPONENT_INTERNAL               ; Off                                                                                                                                                                                                                                                                                                  ; Off           ; adc_pll         ; --               ;
; IP_COMPONENT_INTERNAL               ; Off                                                                                                                                                                                                                                                                                                  ; Off           ; adc_pll_0002    ; --               ;
; IP_COMPONENT_INTERNAL               ; Off                                                                                                                                                                                                                                                                                                  ; Off           ; usb_121pll      ; --               ;
; IP_COMPONENT_INTERNAL               ; Off                                                                                                                                                                                                                                                                                                  ; Off           ; usb_121pll_0002 ; --               ;
; IP_COMPONENT_NAME                   ; YWRjX3BsbA==                                                                                                                                                                                                                                                                                         ; --            ; adc_pll         ; --               ;
; IP_COMPONENT_NAME                   ; YWRjX3BsbF8wMDAy                                                                                                                                                                                                                                                                                     ; --            ; adc_pll_0002    ; --               ;
; IP_COMPONENT_NAME                   ; dXNiXzEyMXBsbA==                                                                                                                                                                                                                                                                                     ; --            ; usb_121pll      ; --               ;
; IP_COMPONENT_NAME                   ; dXNiXzEyMXBsbF8wMDAy                                                                                                                                                                                                                                                                                 ; --            ; usb_121pll_0002 ; --               ;
; IP_COMPONENT_PARAMETER              ; QVVUT19SRUZDTEtfQ0xPQ0tfUkFURQ==::LTE=::QXV0byBDTE9DS19SQVRF                                                                                                                                                                                                                                         ; --            ; adc_pll_0002    ; --               ;
; IP_COMPONENT_PARAMETER              ; QVVUT19SRUZDTEtfQ0xPQ0tfUkFURQ==::LTE=::QXV0byBDTE9DS19SQVRF                                                                                                                                                                                                                                         ; --            ; usb_121pll_0002 ; --               ;
; IP_COMPONENT_REPORT_HIERARCHY       ; Off                                                                                                                                                                                                                                                                                                  ; Off           ; adc_pll         ; --               ;
; IP_COMPONENT_REPORT_HIERARCHY       ; Off                                                                                                                                                                                                                                                                                                  ; Off           ; adc_pll_0002    ; --               ;
; IP_COMPONENT_REPORT_HIERARCHY       ; Off                                                                                                                                                                                                                                                                                                  ; Off           ; usb_121pll      ; --               ;
; IP_COMPONENT_REPORT_HIERARCHY       ; Off                                                                                                                                                                                                                                                                                                  ; Off           ; usb_121pll_0002 ; --               ;
; IP_COMPONENT_VERSION                ; MTQuMA==                                                                                                                                                                                                                                                                                             ; --            ; adc_pll         ; --               ;
; IP_COMPONENT_VERSION                ; MTQuMA==                                                                                                                                                                                                                                                                                             ; --            ; adc_pll_0002    ; --               ;
; IP_COMPONENT_VERSION                ; MTQuMA==                                                                                                                                                                                                                                                                                             ; --            ; usb_121pll      ; --               ;
; IP_COMPONENT_VERSION                ; MTQuMA==                                                                                                                                                                                                                                                                                             ; --            ; usb_121pll_0002 ; --               ;
; IP_GENERATED_DEVICE_FAMILY          ; {Cyclone V}                                                                                                                                                                                                                                                                                          ; --            ; --              ; --               ;
; IP_GENERATED_DEVICE_FAMILY          ; {Cyclone V}                                                                                                                                                                                                                                                                                          ; --            ; --              ; --               ;
; IP_GENERATED_DEVICE_FAMILY          ; {Cyclone V}                                                                                                                                                                                                                                                                                          ; --            ; --              ; --               ;
; IP_GENERATED_DEVICE_FAMILY          ; {Cyclone V}                                                                                                                                                                                                                                                                                          ; --            ; --              ; --               ;
; IP_GENERATED_DEVICE_FAMILY          ; {Cyclone V}                                                                                                                                                                                                                                                                                          ; --            ; adc_pll         ; --               ;
; IP_GENERATED_DEVICE_FAMILY          ; {Cyclone V}                                                                                                                                                                                                                                                                                          ; --            ; usb_121pll      ; --               ;
; IP_QSYS_MODE                        ; UNKNOWN                                                                                                                                                                                                                                                                                              ; --            ; adc_pll         ; --               ;
; IP_QSYS_MODE                        ; UNKNOWN                                                                                                                                                                                                                                                                                              ; --            ; usb_121pll      ; --               ;
; IP_TARGETED_DEVICE_FAMILY           ; Cyclone V                                                                                                                                                                                                                                                                                            ; --            ; adc_pll         ; --               ;
; IP_TARGETED_DEVICE_FAMILY           ; Cyclone V                                                                                                                                                                                                                                                                                            ; --            ; usb_121pll      ; --               ;
; IP_TOOL_ENV                         ; mwpim                                                                                                                                                                                                                                                                                                ; --            ; adc_pll         ; --               ;
; IP_TOOL_ENV                         ; mwpim                                                                                                                                                                                                                                                                                                ; --            ; adc_pll         ; --               ;
; IP_TOOL_ENV                         ; mwpim                                                                                                                                                                                                                                                                                                ; --            ; adc_pll_0002    ; --               ;
; IP_TOOL_ENV                         ; mwpim                                                                                                                                                                                                                                                                                                ; --            ; usb_121pll      ; --               ;
; IP_TOOL_ENV                         ; mwpim                                                                                                                                                                                                                                                                                                ; --            ; usb_121pll_0002 ; --               ;
; IP_TOOL_NAME                        ; FIFO                                                                                                                                                                                                                                                                                                 ; --            ; --              ; --               ;
; IP_TOOL_NAME                        ; FIFO                                                                                                                                                                                                                                                                                                 ; --            ; --              ; --               ;
; IP_TOOL_NAME                        ; FIFO                                                                                                                                                                                                                                                                                                 ; --            ; --              ; --               ;
; IP_TOOL_NAME                        ; ALTDDIO_IN                                                                                                                                                                                                                                                                                           ; --            ; --              ; --               ;
; IP_TOOL_NAME                        ; ROM: 1-PORT                                                                                                                                                                                                                                                                                          ; --            ; --              ; --               ;
; IP_TOOL_NAME                        ; altera_pll                                                                                                                                                                                                                                                                                           ; --            ; adc_pll         ; --               ;
; IP_TOOL_NAME                        ; altera_pll                                                                                                                                                                                                                                                                                           ; --            ; adc_pll         ; --               ;
; IP_TOOL_NAME                        ; altera_pll                                                                                                                                                                                                                                                                                           ; --            ; adc_pll_0002    ; --               ;
; IP_TOOL_NAME                        ; altera_pll                                                                                                                                                                                                                                                                                           ; --            ; usb_121pll      ; --               ;
; IP_TOOL_NAME                        ; altera_pll                                                                                                                                                                                                                                                                                           ; --            ; usb_121pll_0002 ; --               ;
; IP_TOOL_VERSION                     ; 14.0                                                                                                                                                                                                                                                                                                 ; --            ; --              ; --               ;
; IP_TOOL_VERSION                     ; 14.0                                                                                                                                                                                                                                                                                                 ; --            ; --              ; --               ;
; IP_TOOL_VERSION                     ; 14.0                                                                                                                                                                                                                                                                                                 ; --            ; --              ; --               ;
; IP_TOOL_VERSION                     ; 12.1                                                                                                                                                                                                                                                                                                 ; --            ; --              ; --               ;
; IP_TOOL_VERSION                     ; 14.0                                                                                                                                                                                                                                                                                                 ; --            ; --              ; --               ;
; IP_TOOL_VERSION                     ; 14.0                                                                                                                                                                                                                                                                                                 ; --            ; adc_pll         ; --               ;
; IP_TOOL_VERSION                     ; 14.0                                                                                                                                                                                                                                                                                                 ; --            ; adc_pll         ; --               ;
; IP_TOOL_VERSION                     ; 14.0                                                                                                                                                                                                                                                                                                 ; --            ; adc_pll_0002    ; --               ;
; IP_TOOL_VERSION                     ; 14.0                                                                                                                                                                                                                                                                                                 ; --            ; usb_121pll      ; --               ;
; IP_TOOL_VERSION                     ; 14.0                                                                                                                                                                                                                                                                                                 ; --            ; usb_121pll_0002 ; --               ;
; MAX_CORE_JUNCTION_TEMP              ; 85                                                                                                                                                                                                                                                                                                   ; --            ; --              ; --               ;
; MIN_CORE_JUNCTION_TEMP              ; 0                                                                                                                                                                                                                                                                                                    ; --            ; --              ; --               ;
; MISC_FILE                           ; usb_core/usb_121pll.cmp                                                                                                                                                                                                                                                                              ; --            ; --              ; --               ;
; MISC_FILE                           ; adc/ADC_DDIO.bsf                                                                                                                                                                                                                                                                                     ; --            ; --              ; --               ;
; MISC_FILE                           ; adc/ADC_DDIO_inst.vhd                                                                                                                                                                                                                                                                                ; --            ; --              ; --               ;
; MISC_FILE                           ; adc/ADC_DDIO.inc                                                                                                                                                                                                                                                                                     ; --            ; --              ; --               ;
; MISC_FILE                           ; adc/ADC_DDIO.cmp                                                                                                                                                                                                                                                                                     ; --            ; --              ; --               ;
; MISC_FILE                           ; adc/ADC_DDIO.ppf                                                                                                                                                                                                                                                                                     ; --            ; --              ; --               ;
; MISC_FILE                           ; adc_pll.cmp                                                                                                                                                                                                                                                                                          ; --            ; --              ; --               ;
; MISC_FILE                           ; adc_pll_sim/adc_pll.vho                                                                                                                                                                                                                                                                              ; --            ; --              ; --               ;
; MISC_FILE                           ; sine_rom.cmp                                                                                                                                                                                                                                                                                         ; --            ; --              ; --               ;
; PARTITION_COLOR                     ; 16764057                                                                                                                                                                                                                                                                                             ; --            ; --              ; Top              ;
; PARTITION_FITTER_PRESERVATION_LEVEL ; PLACEMENT_AND_ROUTING                                                                                                                                                                                                                                                                                ; --            ; --              ; Top              ;
; PARTITION_NETLIST_TYPE              ; SOURCE                                                                                                                                                                                                                                                                                               ; --            ; --              ; Top              ;
; POWER_BOARD_THERMAL_MODEL           ; None (CONSERVATIVE)                                                                                                                                                                                                                                                                                  ; --            ; --              ; --               ;
; POWER_PRESET_COOLING_SOLUTION       ; 23 MM HEAT SINK WITH 200 LFPM AIRFLOW                                                                                                                                                                                                                                                                ; --            ; --              ; --               ;
; PROJECT_OUTPUT_DIRECTORY            ; output_files                                                                                                                                                                                                                                                                                         ; --            ; --              ; --               ;
; SLD_FILE                            ; db/stp1_auto_stripped.stp                                                                                                                                                                                                                                                                            ; --            ; --              ; --               ;
; SLD_NODE_CREATOR_ID                 ; 110                                                                                                                                                                                                                                                                                                  ; --            ; --              ; auto_signaltap_0 ;
; SLD_NODE_CREATOR_ID                 ; 110                                                                                                                                                                                                                                                                                                  ; --            ; --              ; auto_signaltap_4 ;
; SLD_NODE_CREATOR_ID                 ; 110                                                                                                                                                                                                                                                                                                  ; --            ; --              ; auto_signaltap_5 ;
; SLD_NODE_CREATOR_ID                 ; 110                                                                                                                                                                                                                                                                                                  ; --            ; --              ; auto_signaltap_6 ;
; SLD_NODE_ENTITY_NAME                ; sld_signaltap                                                                                                                                                                                                                                                                                        ; --            ; --              ; auto_signaltap_0 ;
; SLD_NODE_ENTITY_NAME                ; sld_signaltap                                                                                                                                                                                                                                                                                        ; --            ; --              ; auto_signaltap_4 ;
; SLD_NODE_ENTITY_NAME                ; sld_signaltap                                                                                                                                                                                                                                                                                        ; --            ; --              ; auto_signaltap_5 ;
; SLD_NODE_ENTITY_NAME                ; sld_signaltap                                                                                                                                                                                                                                                                                        ; --            ; --              ; auto_signaltap_6 ;
; SLD_NODE_PARAMETER_ASSIGNMENT       ; SLD_NODE_INFO=805334528                                                                                                                                                                                                                                                                              ; --            ; --              ; auto_signaltap_0 ;
; SLD_NODE_PARAMETER_ASSIGNMENT       ; SLD_POWER_UP_TRIGGER=0                                                                                                                                                                                                                                                                               ; --            ; --              ; auto_signaltap_0 ;
; SLD_NODE_PARAMETER_ASSIGNMENT       ; SLD_STORAGE_QUALIFIER_INVERSION_MASK_LENGTH=0                                                                                                                                                                                                                                                        ; --            ; --              ; auto_signaltap_0 ;
; SLD_NODE_PARAMETER_ASSIGNMENT       ; SLD_ATTRIBUTE_MEM_MODE=OFF                                                                                                                                                                                                                                                                           ; --            ; --              ; auto_signaltap_0 ;
; SLD_NODE_PARAMETER_ASSIGNMENT       ; SLD_STATE_FLOW_USE_GENERATED=0                                                                                                                                                                                                                                                                       ; --            ; --              ; auto_signaltap_0 ;
; SLD_NODE_PARAMETER_ASSIGNMENT       ; SLD_STATE_BITS=11                                                                                                                                                                                                                                                                                    ; --            ; --              ; auto_signaltap_0 ;
; SLD_NODE_PARAMETER_ASSIGNMENT       ; SLD_BUFFER_FULL_STOP=1                                                                                                                                                                                                                                                                               ; --            ; --              ; auto_signaltap_0 ;
; SLD_NODE_PARAMETER_ASSIGNMENT       ; SLD_CURRENT_RESOURCE_WIDTH=1                                                                                                                                                                                                                                                                         ; --            ; --              ; auto_signaltap_0 ;
; SLD_NODE_PARAMETER_ASSIGNMENT       ; SLD_TRIGGER_LEVEL=1                                                                                                                                                                                                                                                                                  ; --            ; --              ; auto_signaltap_0 ;
; SLD_NODE_PARAMETER_ASSIGNMENT       ; SLD_TRIGGER_IN_ENABLED=0                                                                                                                                                                                                                                                                             ; --            ; --              ; auto_signaltap_0 ;
; SLD_NODE_PARAMETER_ASSIGNMENT       ; SLD_ADVANCED_TRIGGER_ENTITY=basic,1,                                                                                                                                                                                                                                                                 ; --            ; --              ; auto_signaltap_0 ;
; SLD_NODE_PARAMETER_ASSIGNMENT       ; SLD_TRIGGER_LEVEL_PIPELINE=1                                                                                                                                                                                                                                                                         ; --            ; --              ; auto_signaltap_0 ;
; SLD_NODE_PARAMETER_ASSIGNMENT       ; SLD_ENABLE_ADVANCED_TRIGGER=0                                                                                                                                                                                                                                                                        ; --            ; --              ; auto_signaltap_0 ;
; SLD_NODE_PARAMETER_ASSIGNMENT       ; SLD_DATA_BITS=84                                                                                                                                                                                                                                                                                     ; --            ; --              ; auto_signaltap_0 ;
; SLD_NODE_PARAMETER_ASSIGNMENT       ; SLD_TRIGGER_BITS=84                                                                                                                                                                                                                                                                                  ; --            ; --              ; auto_signaltap_0 ;
; SLD_NODE_PARAMETER_ASSIGNMENT       ; SLD_INVERSION_MASK=000000000000000000000000000000000000000000000000000000000000000000000000000000000000000000000000000000000000000000000000000000000000000000000000000000000000000000000000000000000000000000000000000000000000000000000000000000000000000000000000000000000000000000000000000000000 ; --            ; --              ; auto_signaltap_0 ;
; SLD_NODE_PARAMETER_ASSIGNMENT       ; SLD_INVERSION_MASK_LENGTH=273                                                                                                                                                                                                                                                                        ; --            ; --              ; auto_signaltap_0 ;
; SLD_NODE_PARAMETER_ASSIGNMENT       ; SLD_SEGMENT_SIZE=128                                                                                                                                                                                                                                                                                 ; --            ; --              ; auto_signaltap_0 ;
; SLD_NODE_PARAMETER_ASSIGNMENT       ; SLD_SAMPLE_DEPTH=128                                                                                                                                                                                                                                                                                 ; --            ; --              ; auto_signaltap_0 ;
; SLD_NODE_PARAMETER_ASSIGNMENT       ; SLD_RAM_BLOCK_TYPE=M10K                                                                                                                                                                                                                                                                              ; --            ; --              ; auto_signaltap_0 ;
; SLD_NODE_PARAMETER_ASSIGNMENT       ; SLD_STORAGE_QUALIFIER_BITS=84                                                                                                                                                                                                                                                                        ; --            ; --              ; auto_signaltap_0 ;
; SLD_NODE_PARAMETER_ASSIGNMENT       ; SLD_INCREMENTAL_ROUTING=1                                                                                                                                                                                                                                                                            ; --            ; --              ; auto_signaltap_0 ;
; SLD_NODE_PARAMETER_ASSIGNMENT       ; SLD_NODE_INFO=805334532                                                                                                                                                                                                                                                                              ; --            ; --              ; auto_signaltap_4 ;
; SLD_NODE_PARAMETER_ASSIGNMENT       ; SLD_POWER_UP_TRIGGER=0                                                                                                                                                                                                                                                                               ; --            ; --              ; auto_signaltap_4 ;
; SLD_NODE_PARAMETER_ASSIGNMENT       ; SLD_STORAGE_QUALIFIER_INVERSION_MASK_LENGTH=0                                                                                                                                                                                                                                                        ; --            ; --              ; auto_signaltap_4 ;
; SLD_NODE_PARAMETER_ASSIGNMENT       ; SLD_SEGMENT_SIZE=128                                                                                                                                                                                                                                                                                 ; --            ; --              ; auto_signaltap_4 ;
; SLD_NODE_PARAMETER_ASSIGNMENT       ; SLD_ATTRIBUTE_MEM_MODE=OFF                                                                                                                                                                                                                                                                           ; --            ; --              ; auto_signaltap_4 ;
; SLD_NODE_PARAMETER_ASSIGNMENT       ; SLD_STATE_FLOW_USE_GENERATED=0                                                                                                                                                                                                                                                                       ; --            ; --              ; auto_signaltap_4 ;
; SLD_NODE_PARAMETER_ASSIGNMENT       ; SLD_STATE_BITS=11                                                                                                                                                                                                                                                                                    ; --            ; --              ; auto_signaltap_4 ;
; SLD_NODE_PARAMETER_ASSIGNMENT       ; SLD_BUFFER_FULL_STOP=1                                                                                                                                                                                                                                                                               ; --            ; --              ; auto_signaltap_4 ;
; SLD_NODE_PARAMETER_ASSIGNMENT       ; SLD_CURRENT_RESOURCE_WIDTH=1                                                                                                                                                                                                                                                                         ; --            ; --              ; auto_signaltap_4 ;
; SLD_NODE_PARAMETER_ASSIGNMENT       ; SLD_TRIGGER_LEVEL=1                                                                                                                                                                                                                                                                                  ; --            ; --              ; auto_signaltap_4 ;
; SLD_NODE_PARAMETER_ASSIGNMENT       ; SLD_SAMPLE_DEPTH=128                                                                                                                                                                                                                                                                                 ; --            ; --              ; auto_signaltap_4 ;
; SLD_NODE_PARAMETER_ASSIGNMENT       ; SLD_TRIGGER_IN_ENABLED=0                                                                                                                                                                                                                                                                             ; --            ; --              ; auto_signaltap_4 ;
; SLD_NODE_PARAMETER_ASSIGNMENT       ; SLD_ADVANCED_TRIGGER_ENTITY=basic,1,                                                                                                                                                                                                                                                                 ; --            ; --              ; auto_signaltap_4 ;
; SLD_NODE_PARAMETER_ASSIGNMENT       ; SLD_TRIGGER_LEVEL_PIPELINE=1                                                                                                                                                                                                                                                                         ; --            ; --              ; auto_signaltap_4 ;
; SLD_NODE_PARAMETER_ASSIGNMENT       ; SLD_ENABLE_ADVANCED_TRIGGER=0                                                                                                                                                                                                                                                                        ; --            ; --              ; auto_signaltap_4 ;
; SLD_NODE_PARAMETER_ASSIGNMENT       ; SLD_DATA_BITS=65                                                                                                                                                                                                                                                                                     ; --            ; --              ; auto_signaltap_4 ;
; SLD_NODE_PARAMETER_ASSIGNMENT       ; SLD_TRIGGER_BITS=65                                                                                                                                                                                                                                                                                  ; --            ; --              ; auto_signaltap_4 ;
; SLD_NODE_PARAMETER_ASSIGNMENT       ; SLD_INVERSION_MASK=000000000000000000000000000000000000000000000000000000000000000000000000000000000000000000000000000000000000000000000000000000000000000000000000000000000000000000000000000000000000000000000000000000000000000000000000                                                          ; --            ; --              ; auto_signaltap_4 ;
; SLD_NODE_PARAMETER_ASSIGNMENT       ; SLD_INVERSION_MASK_LENGTH=216                                                                                                                                                                                                                                                                        ; --            ; --              ; auto_signaltap_4 ;
; SLD_NODE_PARAMETER_ASSIGNMENT       ; SLD_RAM_BLOCK_TYPE=AUTO                                                                                                                                                                                                                                                                              ; --            ; --              ; auto_signaltap_4 ;
; SLD_NODE_PARAMETER_ASSIGNMENT       ; SLD_STORAGE_QUALIFIER_BITS=65                                                                                                                                                                                                                                                                        ; --            ; --              ; auto_signaltap_4 ;
; SLD_NODE_PARAMETER_ASSIGNMENT       ; SLD_INCREMENTAL_ROUTING=1                                                                                                                                                                                                                                                                            ; --            ; --              ; auto_signaltap_4 ;
; SLD_NODE_PARAMETER_ASSIGNMENT       ; SLD_DATA_BITS=16                                                                                                                                                                                                                                                                                     ; --            ; --              ; auto_signaltap_5 ;
; SLD_NODE_PARAMETER_ASSIGNMENT       ; SLD_TRIGGER_BITS=16                                                                                                                                                                                                                                                                                  ; --            ; --              ; auto_signaltap_5 ;
; SLD_NODE_PARAMETER_ASSIGNMENT       ; SLD_NODE_INFO=805334533                                                                                                                                                                                                                                                                              ; --            ; --              ; auto_signaltap_5 ;
; SLD_NODE_PARAMETER_ASSIGNMENT       ; SLD_POWER_UP_TRIGGER=0                                                                                                                                                                                                                                                                               ; --            ; --              ; auto_signaltap_5 ;
; SLD_NODE_PARAMETER_ASSIGNMENT       ; SLD_STORAGE_QUALIFIER_INVERSION_MASK_LENGTH=0                                                                                                                                                                                                                                                        ; --            ; --              ; auto_signaltap_5 ;
; SLD_NODE_PARAMETER_ASSIGNMENT       ; SLD_ATTRIBUTE_MEM_MODE=OFF                                                                                                                                                                                                                                                                           ; --            ; --              ; auto_signaltap_5 ;
; SLD_NODE_PARAMETER_ASSIGNMENT       ; SLD_STATE_FLOW_USE_GENERATED=0                                                                                                                                                                                                                                                                       ; --            ; --              ; auto_signaltap_5 ;
; SLD_NODE_PARAMETER_ASSIGNMENT       ; SLD_STATE_BITS=11                                                                                                                                                                                                                                                                                    ; --            ; --              ; auto_signaltap_5 ;
; SLD_NODE_PARAMETER_ASSIGNMENT       ; SLD_BUFFER_FULL_STOP=1                                                                                                                                                                                                                                                                               ; --            ; --              ; auto_signaltap_5 ;
; SLD_NODE_PARAMETER_ASSIGNMENT       ; SLD_CURRENT_RESOURCE_WIDTH=1                                                                                                                                                                                                                                                                         ; --            ; --              ; auto_signaltap_5 ;
; SLD_NODE_PARAMETER_ASSIGNMENT       ; SLD_TRIGGER_LEVEL=1                                                                                                                                                                                                                                                                                  ; --            ; --              ; auto_signaltap_5 ;
; SLD_NODE_PARAMETER_ASSIGNMENT       ; SLD_TRIGGER_IN_ENABLED=0                                                                                                                                                                                                                                                                             ; --            ; --              ; auto_signaltap_5 ;
; SLD_NODE_PARAMETER_ASSIGNMENT       ; SLD_ADVANCED_TRIGGER_ENTITY=basic,1,                                                                                                                                                                                                                                                                 ; --            ; --              ; auto_signaltap_5 ;
; SLD_NODE_PARAMETER_ASSIGNMENT       ; SLD_TRIGGER_LEVEL_PIPELINE=1                                                                                                                                                                                                                                                                         ; --            ; --              ; auto_signaltap_5 ;
; SLD_NODE_PARAMETER_ASSIGNMENT       ; SLD_ENABLE_ADVANCED_TRIGGER=0                                                                                                                                                                                                                                                                        ; --            ; --              ; auto_signaltap_5 ;
; SLD_NODE_PARAMETER_ASSIGNMENT       ; SLD_INVERSION_MASK=00000000000000000000000000000000000000000000000000000000000000000000000                                                                                                                                                                                                           ; --            ; --              ; auto_signaltap_5 ;
; SLD_NODE_PARAMETER_ASSIGNMENT       ; SLD_INVERSION_MASK_LENGTH=71                                                                                                                                                                                                                                                                         ; --            ; --              ; auto_signaltap_5 ;
; SLD_NODE_PARAMETER_ASSIGNMENT       ; SLD_SEGMENT_SIZE=512                                                                                                                                                                                                                                                                                 ; --            ; --              ; auto_signaltap_5 ;
; SLD_NODE_PARAMETER_ASSIGNMENT       ; SLD_SAMPLE_DEPTH=512                                                                                                                                                                                                                                                                                 ; --            ; --              ; auto_signaltap_5 ;
; SLD_NODE_PARAMETER_ASSIGNMENT       ; SLD_RAM_BLOCK_TYPE=AUTO                                                                                                                                                                                                                                                                              ; --            ; --              ; auto_signaltap_5 ;
; SLD_NODE_PARAMETER_ASSIGNMENT       ; SLD_STORAGE_QUALIFIER_BITS=16                                                                                                                                                                                                                                                                        ; --            ; --              ; auto_signaltap_5 ;
; SLD_NODE_PARAMETER_ASSIGNMENT       ; SLD_INCREMENTAL_ROUTING=1                                                                                                                                                                                                                                                                            ; --            ; --              ; auto_signaltap_5 ;
; SLD_NODE_PARAMETER_ASSIGNMENT       ; SLD_DATA_BITS=31                                                                                                                                                                                                                                                                                     ; --            ; --              ; auto_signaltap_6 ;
; SLD_NODE_PARAMETER_ASSIGNMENT       ; SLD_TRIGGER_BITS=31                                                                                                                                                                                                                                                                                  ; --            ; --              ; auto_signaltap_6 ;
; SLD_NODE_PARAMETER_ASSIGNMENT       ; SLD_NODE_INFO=805334534                                                                                                                                                                                                                                                                              ; --            ; --              ; auto_signaltap_6 ;
; SLD_NODE_PARAMETER_ASSIGNMENT       ; SLD_POWER_UP_TRIGGER=0                                                                                                                                                                                                                                                                               ; --            ; --              ; auto_signaltap_6 ;
; SLD_NODE_PARAMETER_ASSIGNMENT       ; SLD_INVERSION_MASK=0000000000000000000000000000000000000000000000000000000000000000000000000000000000000000000000000000000000000000000000                                                                                                                                                            ; --            ; --              ; auto_signaltap_6 ;
; SLD_NODE_PARAMETER_ASSIGNMENT       ; SLD_INVERSION_MASK_LENGTH=118                                                                                                                                                                                                                                                                        ; --            ; --              ; auto_signaltap_6 ;
; SLD_NODE_PARAMETER_ASSIGNMENT       ; SLD_STORAGE_QUALIFIER_INVERSION_MASK_LENGTH=0                                                                                                                                                                                                                                                        ; --            ; --              ; auto_signaltap_6 ;
; SLD_NODE_PARAMETER_ASSIGNMENT       ; SLD_SEGMENT_SIZE=2048                                                                                                                                                                                                                                                                                ; --            ; --              ; auto_signaltap_6 ;
; SLD_NODE_PARAMETER_ASSIGNMENT       ; SLD_ATTRIBUTE_MEM_MODE=OFF                                                                                                                                                                                                                                                                           ; --            ; --              ; auto_signaltap_6 ;
; SLD_NODE_PARAMETER_ASSIGNMENT       ; SLD_STATE_FLOW_USE_GENERATED=0                                                                                                                                                                                                                                                                       ; --            ; --              ; auto_signaltap_6 ;
; SLD_NODE_PARAMETER_ASSIGNMENT       ; SLD_STATE_BITS=11                                                                                                                                                                                                                                                                                    ; --            ; --              ; auto_signaltap_6 ;
; SLD_NODE_PARAMETER_ASSIGNMENT       ; SLD_BUFFER_FULL_STOP=1                                                                                                                                                                                                                                                                               ; --            ; --              ; auto_signaltap_6 ;
; SLD_NODE_PARAMETER_ASSIGNMENT       ; SLD_CURRENT_RESOURCE_WIDTH=1                                                                                                                                                                                                                                                                         ; --            ; --              ; auto_signaltap_6 ;
; SLD_NODE_PARAMETER_ASSIGNMENT       ; SLD_TRIGGER_LEVEL=1                                                                                                                                                                                                                                                                                  ; --            ; --              ; auto_signaltap_6 ;
; SLD_NODE_PARAMETER_ASSIGNMENT       ; SLD_SAMPLE_DEPTH=2048                                                                                                                                                                                                                                                                                ; --            ; --              ; auto_signaltap_6 ;
; SLD_NODE_PARAMETER_ASSIGNMENT       ; SLD_TRIGGER_IN_ENABLED=0                                                                                                                                                                                                                                                                             ; --            ; --              ; auto_signaltap_6 ;
; SLD_NODE_PARAMETER_ASSIGNMENT       ; SLD_ADVANCED_TRIGGER_ENTITY=basic,1,                                                                                                                                                                                                                                                                 ; --            ; --              ; auto_signaltap_6 ;
; SLD_NODE_PARAMETER_ASSIGNMENT       ; SLD_TRIGGER_LEVEL_PIPELINE=1                                                                                                                                                                                                                                                                         ; --            ; --              ; auto_signaltap_6 ;
; SLD_NODE_PARAMETER_ASSIGNMENT       ; SLD_ENABLE_ADVANCED_TRIGGER=0                                                                                                                                                                                                                                                                        ; --            ; --              ; auto_signaltap_6 ;
; SLD_NODE_PARAMETER_ASSIGNMENT       ; SLD_RAM_BLOCK_TYPE=AUTO                                                                                                                                                                                                                                                                              ; --            ; --              ; auto_signaltap_6 ;
; SLD_NODE_PARAMETER_ASSIGNMENT       ; SLD_STORAGE_QUALIFIER_BITS=31                                                                                                                                                                                                                                                                        ; --            ; --              ; auto_signaltap_6 ;
; SLD_NODE_PARAMETER_ASSIGNMENT       ; SLD_INCREMENTAL_ROUTING=1                                                                                                                                                                                                                                                                            ; --            ; --              ; auto_signaltap_6 ;
; SPD_FILE                            ; adc_pll.spd                                                                                                                                                                                                                                                                                          ; --            ; --              ; --               ;
; SYNTHESIS_ONLY_QIP                  ; On                                                                                                                                                                                                                                                                                                   ; --            ; --              ; --               ;
; SYNTHESIS_ONLY_QIP                  ; On                                                                                                                                                                                                                                                                                                   ; --            ; --              ; --               ;
; USE_SIGNALTAP_FILE                  ; stp1.stp                                                                                                                                                                                                                                                                                             ; --            ; --              ; --               ;
+-------------------------------------+------------------------------------------------------------------------------------------------------------------------------------------------------------------------------------------------------------------------------------------------------------------------------------------------------+---------------+-----------------+------------------+


+-------------------------------------------------------------------------------------------------------------------------------+
; Flow Elapsed Time                                                                                                             ;
+---------------------------+--------------+-------------------------+---------------------+------------------------------------+
; Module Name               ; Elapsed Time ; Average Processors Used ; Peak Virtual Memory ; Total CPU Time (on all processors) ;
+---------------------------+--------------+-------------------------+---------------------+------------------------------------+
; Analysis & Synthesis      ; 00:01:33     ; 1.0                     ; 779 MB              ; 00:00:22                           ;
; Fitter                    ; 00:07:29     ; 1.2                     ; 2118 MB             ; 00:03:29                           ;
; Assembler                 ; 00:04:39     ; 1.0                     ; 718 MB              ; 00:00:21                           ;
; TimeQuest Timing Analyzer ; 00:11:27     ; 1.1                     ; 1185 MB             ; 00:02:08                           ;
; Total                     ; 00:25:08     ; --                      ; --                  ; 00:06:20                           ;
+---------------------------+--------------+-------------------------+---------------------+------------------------------------+


+----------------------------------------------------------------------------------------+
; Flow OS Summary                                                                        ;
+---------------------------+------------------+-----------+------------+----------------+
; Module Name               ; Machine Hostname ; OS Name   ; OS Version ; Processor type ;
+---------------------------+------------------+-----------+------------+----------------+
; Analysis & Synthesis      ; IBM-PC           ; Windows 7 ; 6.2        ; x86_64         ;
; Fitter                    ; IBM-PC           ; Windows 7 ; 6.2        ; x86_64         ;
; Assembler                 ; IBM-PC           ; Windows 7 ; 6.2        ; x86_64         ;
; TimeQuest Timing Analyzer ; IBM-PC           ; Windows 7 ; 6.2        ; x86_64         ;
+---------------------------+------------------+-----------+------------+----------------+


------------
; Flow Log ;
------------
quartus_map --read_settings_files=on --write_settings_files=off HUCB2P0_TOP -c HUCB2P0_TOP
quartus_fit --read_settings_files=off --write_settings_files=off HUCB2P0_TOP -c HUCB2P0_TOP
quartus_asm --read_settings_files=off --write_settings_files=off HUCB2P0_TOP -c HUCB2P0_TOP
quartus_sta HUCB2P0_TOP -c HUCB2P0_TOP



